<?xml version="1.0" encoding="UTF-8" ?>
<testsuite tests="5" failures="2" name="TestSuite" time="27.84" errors="0" skipped="1">
  <properties>
[...]
</properties>
  <testcase classname="Commerce.Test.ErrorValidationTest" name="loginErrorValidation" time="0.88"/>
  <testcase classname="Commerce.Test.ErrorValidationTest" name="verifyProductDisplay" time="3.58"/>
  <testcase classname="Commerce.Test.SubmitOrderTest" name="submitOrder" time="1.972">
    <failure type="java.lang.NullPointerException">java.lang.NullPointerException
	at Commerce.PageObjects.ProductCatalogue.addProductToCart(ProductCatalogue.java:48)
	at Commerce.Test.SubmitOrderTest.submitOrder(SubmitOrderTest.java:21)
</failure>
    <system-err>Starting ChromeDriver 108.0.5359.71 (1e0e3868ee06e91ad636a874420e3ca3ae3756ac-refs/branch-heads/5359@{#1016}) on port 7147
Only local connections are allowed.
Please see https://chromedriver.chromium.org/security-considerations for suggestions on keeping ChromeDriver safe.
ChromeDriver was started successfully.
gru 15, 2022 12:03:03 AM org.openqa.selenium.devtools.CdpVersionFinder findNearestMatch
WARNING: Unable to find an exact match for CDP version 108, so returning the closest version found: 107
</system-err>
  </testcase>
  <testcase classname="Commerce.Test.SubmitOrderTest" name="submitOrder" time="10.62">
    <failure message="Expected condition failed: waiting for visibility of element located by By.cssSelector: .mb-3 (tried for 5 second(s) with 500 milliseconds interval)
Build info: version: &apos;4.6.0&apos;, revision: &apos;79f1c02ae20&apos;
System info: os.name: &apos;Windows 11&apos;, os.arch: &apos;amd64&apos;, os.version: &apos;10.0&apos;, java.version: &apos;11.0.16.1&apos;
Driver info: org.openqa.selenium.chrome.ChromeDriver
Capabilities {acceptInsecureCerts: false, browserName: chrome, browserVersion: 108.0.5359.99, chrome: {chromedriverVersion: 108.0.5359.71 (1e0e3868ee06..., userDataDir: C:\Users\monik\AppData\Loca...}, goog:chromeOptions: {debuggerAddress: localhost:61866}, networkConnectionEnabled: false, pageLoadStrategy: normal, platformName: WINDOWS, proxy: Proxy(), se:cdp: ws://localhost:61866/devtoo..., se:cdpVersion: 108.0.5359.99, setWindowRect: true, strictFileInteractability: false, timeouts: {implicit: 0, pageLoad: 300000, script: 30000}, unhandledPromptBehavior: dismiss and notify, webauthn:extension:credBlob: true, webauthn:extension:largeBlob: true, webauthn:virtualAuthenticators: true}
Session ID: c58d5366bab953868e3564284ef9bce5" type="org.openqa.selenium.TimeoutException">org.openqa.selenium.TimeoutException: Expected condition failed: waiting for visibility of element located by By.cssSelector: .mb-3 (tried for 5 second(s) with 500 milliseconds interval)
Build info: version: &apos;4.6.0&apos;, revision: &apos;79f1c02ae20&apos;
System info: os.name: &apos;Windows 11&apos;, os.arch: &apos;amd64&apos;, os.version: &apos;10.0&apos;, java.version: &apos;11.0.16.1&apos;
Driver info: org.openqa.selenium.chrome.ChromeDriver
Capabilities {acceptInsecureCerts: false, browserName: chrome, browserVersion: 108.0.5359.99, chrome: {chromedriverVersion: 108.0.5359.71 (1e0e3868ee06..., userDataDir: C:\Users\monik\AppData\Loca...}, goog:chromeOptions: {debuggerAddress: localhost:61866}, networkConnectionEnabled: false, pageLoadStrategy: normal, platformName: WINDOWS, proxy: Proxy(), se:cdp: ws://localhost:61866/devtoo..., se:cdpVersion: 108.0.5359.99, setWindowRect: true, strictFileInteractability: false, timeouts: {implicit: 0, pageLoad: 300000, script: 30000}, unhandledPromptBehavior: dismiss and notify, webauthn:extension:credBlob: true, webauthn:extension:largeBlob: true, webauthn:virtualAuthenticators: true}
Session ID: c58d5366bab953868e3564284ef9bce5
	at org.openqa.selenium.support.ui.WebDriverWait.timeoutException(WebDriverWait.java:87)
	at org.openqa.selenium.support.ui.FluentWait.until(FluentWait.java:231)
	at Commerce.AbstractComponents.AbstractComponent.waitForTheElementToAppear(AbstractComponent.java:31)
	at Commerce.PageObjects.ProductCatalogue.getProductList(ProductCatalogue.java:33)
	at Commerce.PageObjects.ProductCatalogue.getProductByName(ProductCatalogue.java:38)
	at Commerce.PageObjects.ProductCatalogue.addProductToCart(ProductCatalogue.java:47)
	at Commerce.Test.SubmitOrderTest.submitOrder(SubmitOrderTest.java:21)
</failure>
    <system-err>Starting ChromeDriver 108.0.5359.71 (1e0e3868ee06e91ad636a874420e3ca3ae3756ac-refs/branch-heads/5359@{#1016}) on port 43457
Only local connections are allowed.
Please see https://chromedriver.chromium.org/security-considerations for suggestions on keeping ChromeDriver safe.
ChromeDriver was started successfully.
gru 15, 2022 12:03:10 AM org.openqa.selenium.devtools.CdpVersionFinder findNearestMatch
WARNING: Unable to find an exact match for CDP version 108, so returning the closest version found: 107
</system-err>
  </testcase>
  <testcase classname="Commerce.Test.SubmitOrderTest" name="OrderHistoryTest" time="10.788">
    <skipped/>
  </testcase>
</testsuite>